number,value,datetime_start,datetime_complete,duration,params_gross_short,params_lambda_long,params_lambda_short,params_rebal_freq,params_rsi_period,params_top_n_long,params_top_n_short,state
0,0.5429,2026-04-21 20:47:13.646299,2026-04-21 20:47:46.335624,0 days 00:00:32.689325,0.4,1.9030368381735812,3.027182927734624,1,3,20,5,COMPLETE
1,0.0,2026-04-21 20:47:46.337538,2026-04-21 20:47:49.624483,0 days 00:00:03.286945,0.2,0.19721610970574002,2.333481883618462,3,3,20,12,COMPLETE
2,0.6393,2026-04-21 20:47:49.625948,2026-04-21 20:48:21.339147,0 days 00:00:31.713199,0.4,0.9519754482692676,1.272083045469184,2,2,15,5,COMPLETE
3,0.8748,2026-04-21 20:48:21.340438,2026-04-21 20:48:53.319241,0 days 00:00:31.978803,0.3,0.2600005911730265,2.5411709798607287,2,7,15,5,COMPLETE
4,0.2179,2026-04-21 20:48:53.320747,2026-04-21 20:48:58.331070,0 days 00:00:05.010323,0.5,0.1241318963529422,1.2693089228250278,1,2,15,5,COMPLETE
5,0.6981,2026-04-21 20:48:58.333913,2026-04-21 20:49:01.913593,0 days 00:00:03.579680,0.4,0.29130095015495916,2.294223523656215,3,3,10,5,COMPLETE
6,0.5956,2026-04-21 20:49:01.915300,2026-04-21 20:49:06.810999,0 days 00:00:04.895699,0.2,2.1068591627429094,1.2962896813527134,1,3,20,8,COMPLETE
7,0.6125,2026-04-21 20:49:06.812257,2026-04-21 20:49:10.345728,0 days 00:00:03.533471,0.4,2.6402883285404344,1.0630319644587922,3,3,10,8,COMPLETE
8,0.6077,2026-04-21 20:49:10.347173,2026-04-21 20:49:42.689952,0 days 00:00:32.342779,0.5,1.19032031739992,1.5047588003306511,2,5,15,8,COMPLETE
9,0.8914,2026-04-21 20:49:42.691400,2026-04-21 20:49:46.691795,0 days 00:00:04.000395,0.2,2.4191554508873754,0.7548990480297131,2,7,20,5,COMPLETE
10,0.0,2026-04-21 20:49:46.693145,2026-04-21 20:49:49.977371,0 days 00:00:03.284226,0.2,0.5823763181103752,0.52764149634397,2,7,20,12,COMPLETE
11,0.8748,2026-04-21 20:49:49.979206,2026-04-21 20:49:53.754857,0 days 00:00:03.775651,0.3,0.36368174009388166,6.553287597935899,2,7,15,5,COMPLETE
12,0.8317,2026-04-21 20:49:53.756240,2026-04-21 20:49:57.581974,0 days 00:00:03.825734,0.3,0.7027814475850298,4.985106637058162,2,7,20,5,COMPLETE
13,0.8748,2026-04-21 20:49:57.583455,2026-04-21 20:50:01.517078,0 days 00:00:03.933623,0.3,0.338093390994846,0.544002284554101,2,7,15,5,COMPLETE
14,0.7326,2026-04-21 20:50:01.518536,2026-04-21 20:50:05.475198,0 days 00:00:03.956662,0.3,0.11131762769060773,4.47692826635967,2,7,10,5,COMPLETE
15,0.0,2026-04-21 20:50:05.476556,2026-04-21 20:50:09.018465,0 days 00:00:03.541909,0.2,0.19189629161886482,0.7829765415925033,2,5,20,12,COMPLETE
16,0.9332,2026-04-21 20:50:09.020461,2026-04-21 20:50:12.817395,0 days 00:00:03.796934,0.2,1.2438646675521174,3.60069211107989,2,7,15,5,COMPLETE
17,0.8914,2026-04-21 20:50:12.818696,2026-04-21 20:50:17.008166,0 days 00:00:04.189470,0.2,1.2734112953587424,9.416001460678691,2,7,20,5,COMPLETE
18,0.7164,2026-04-21 20:50:17.009391,2026-04-21 20:50:22.340203,0 days 00:00:05.330812,0.2,1.7441159401168873,3.832393976848442,1,7,15,12,COMPLETE
19,0.7373,2026-04-21 20:50:22.341531,2026-04-21 20:50:26.283669,0 days 00:00:03.942138,0.2,2.6186526236339907,1.777585411304709,3,5,10,8,COMPLETE
20,0.8125,2026-04-21 20:50:26.285168,2026-04-21 20:50:30.517287,0 days 00:00:04.232119,0.2,0.8014084101437993,0.8500915080467168,2,2,20,5,COMPLETE
21,0.8914,2026-04-21 20:50:30.518963,2026-04-21 20:50:34.574640,0 days 00:00:04.055677,0.2,1.4513110138686407,9.203851714132435,2,7,20,5,COMPLETE
22,0.8914,2026-04-21 20:50:34.576119,2026-04-21 20:50:38.475870,0 days 00:00:03.899751,0.2,1.1914831247676139,8.85823603537157,2,7,20,5,COMPLETE
23,0.8914,2026-04-21 20:50:38.477284,2026-04-21 20:50:42.492842,0 days 00:00:04.015558,0.2,1.2825442874291495,6.35538882839463,2,7,20,5,COMPLETE
24,0.8104,2026-04-21 20:50:42.494273,2026-04-21 20:50:46.403984,0 days 00:00:03.909711,0.5,0.4786096868495243,6.715975631751804,2,7,20,5,COMPLETE
25,0.9332,2026-04-21 20:50:46.405355,2026-04-21 20:50:50.355664,0 days 00:00:03.950309,0.2,2.949128968045774,3.5947652954191396,2,7,15,5,COMPLETE
26,0.9332,2026-04-21 20:50:50.357405,2026-04-21 20:50:54.345082,0 days 00:00:03.987677,0.2,2.817189552258725,3.215788335272592,2,7,15,5,COMPLETE
27,0.9332,2026-04-21 20:50:54.346390,2026-04-21 20:50:58.571953,0 days 00:00:04.225563,0.2,1.7023143717240803,3.2673510054036505,2,7,15,5,COMPLETE
28,0.3399,2026-04-21 20:50:58.573326,2026-04-21 20:51:03.925190,0 days 00:00:05.351864,0.2,2.6883691079806673,1.910849469542049,1,2,15,12,COMPLETE
29,0.7928,2026-04-21 20:51:03.926507,2026-04-21 20:51:07.807300,0 days 00:00:03.880793,0.5,2.9865302347836624,3.103186597370722,3,5,15,8,COMPLETE
30,0.5617,2026-04-21 20:51:07.808612,2026-04-21 20:51:13.133080,0 days 00:00:05.324468,0.4,1.9805855788504423,4.285231868415444,1,7,15,5,COMPLETE
31,0.9332,2026-04-21 20:51:13.134859,2026-04-21 20:51:17.309027,0 days 00:00:04.174168,0.2,1.698672685931956,3.233635185035877,2,7,15,5,COMPLETE
32,0.9332,2026-04-21 20:51:17.310375,2026-04-21 20:51:21.334583,0 days 00:00:04.024208,0.2,2.1440522640805257,2.741485459811198,2,7,15,5,COMPLETE
33,0.9332,2026-04-21 20:51:21.336020,2026-04-21 20:51:25.353859,0 days 00:00:04.017839,0.2,0.9837447564069273,3.567334141108659,2,7,15,5,COMPLETE
34,0.9332,2026-04-21 20:51:25.355263,2026-04-21 20:51:29.321263,0 days 00:00:03.966000,0.2,1.6319633774678515,5.293287461355943,2,7,15,5,COMPLETE
35,0.7041,2026-04-21 20:51:29.322622,2026-04-21 20:51:33.424379,0 days 00:00:04.101757,0.2,2.0669544132132818,2.6914817440729397,2,2,15,5,COMPLETE
36,0.7825,2026-04-21 20:51:33.426010,2026-04-21 20:51:37.342152,0 days 00:00:03.916142,0.2,1.0093542718560597,1.9976054343305163,3,3,15,5,COMPLETE
37,0.8647,2026-04-21 20:51:37.343506,2026-04-21 20:51:41.685284,0 days 00:00:04.341778,0.4,2.3611784447105357,3.8327035606122517,2,7,15,5,COMPLETE
38,0.7666,2026-04-21 20:51:41.686642,2026-04-21 20:51:46.121950,0 days 00:00:04.435308,0.2,2.975810599077341,2.3321712444286806,2,3,15,12,COMPLETE
39,0.5395,2026-04-21 20:51:46.123307,2026-04-21 20:51:51.518134,0 days 00:00:05.394827,0.5,1.4986886531784296,5.591045035964601,1,7,15,5,COMPLETE
40,0.4942,2026-04-21 20:51:51.519532,2026-04-21 20:51:55.559022,0 days 00:00:04.039490,0.4,1.8844563514996029,3.1983715084536413,3,2,10,8,COMPLETE
41,0.9332,2026-04-21 20:51:55.560615,2026-04-21 20:51:59.763390,0 days 00:00:04.202775,0.2,1.6795098816478617,2.892204360086328,2,7,15,5,COMPLETE
42,0.9332,2026-04-21 20:51:59.764710,2026-04-21 20:52:03.935495,0 days 00:00:04.170785,0.2,2.302882969355501,3.3367324638320137,2,7,15,5,COMPLETE
43,0.9332,2026-04-21 20:52:03.936895,2026-04-21 20:52:08.365794,0 days 00:00:04.428899,0.2,1.8866924018970113,4.33191489586725,2,7,15,5,COMPLETE
44,0.9332,2026-04-21 20:52:08.367187,2026-04-21 20:52:13.158571,0 days 00:00:04.791384,0.2,1.463985782962761,2.3040316222176798,2,7,15,5,COMPLETE
45,0.9332,2026-04-21 20:52:13.159939,2026-04-21 20:52:17.459295,0 days 00:00:04.299356,0.2,0.7887523930360091,1.6196136909286247,2,7,15,5,COMPLETE
46,0.7799,2026-04-21 20:52:17.461138,2026-04-21 20:52:21.918361,0 days 00:00:04.457223,0.2,2.9833504078882025,3.6366108457875836,2,3,15,5,COMPLETE
47,0.7598,2026-04-21 20:52:21.919890,2026-04-21 20:52:28.012771,0 days 00:00:06.092881,0.3,2.415201747221448,2.511930512819754,2,5,15,5,COMPLETE
48,0.815,2026-04-21 20:52:28.014095,2026-04-21 20:52:32.090075,0 days 00:00:04.075980,0.2,0.14700406491238074,4.374273238801095,2,7,10,8,COMPLETE
49,0.8542,2026-04-21 20:52:32.091532,2026-04-21 20:52:36.177943,0 days 00:00:04.086411,0.5,1.121208364034515,4.905273860388112,2,7,15,5,COMPLETE
50,0.7164,2026-04-21 20:52:36.179435,2026-04-21 20:52:41.653876,0 days 00:00:05.474441,0.2,0.5801033282969402,3.0009572996612373,1,7,15,12,COMPLETE
51,0.9332,2026-04-21 20:52:41.656378,2026-04-21 20:52:46.107356,0 days 00:00:04.450978,0.2,2.331922664147144,2.7526128286561136,2,7,15,5,COMPLETE
52,0.9332,2026-04-21 20:52:46.108752,2026-04-21 20:52:50.596564,0 days 00:00:04.487812,0.2,2.0973864652288423,3.7702208925121585,2,7,15,5,COMPLETE
53,0.9332,2026-04-21 20:52:50.597917,2026-04-21 20:52:55.067806,0 days 00:00:04.469889,0.2,1.7194309849363765,2.1344659485549364,2,7,15,5,COMPLETE
54,0.8748,2026-04-21 20:52:55.069144,2026-04-21 20:52:59.297238,0 days 00:00:04.228094,0.3,1.4530036209756583,3.3714489254179334,2,7,15,5,COMPLETE
55,0.9332,2026-04-21 20:52:59.298581,2026-04-21 20:53:03.200324,0 days 00:00:03.901743,0.2,2.5927019430364067,2.4326406884273664,2,7,15,5,COMPLETE
56,0.7894,2026-04-21 20:53:03.201986,2026-04-21 20:53:07.229373,0 days 00:00:04.027387,0.2,2.0765319830519493,2.6501642402474435,2,7,10,5,COMPLETE
57,0.8305,2026-04-21 20:53:07.230757,2026-04-21 20:53:10.840494,0 days 00:00:03.609737,0.4,0.8411448811084458,4.054651461401061,3,5,15,5,COMPLETE
58,0.9332,2026-04-21 20:53:10.841752,2026-04-21 20:53:14.842221,0 days 00:00:04.000469,0.2,1.296815590938843,2.9828695544558066,2,7,15,5,COMPLETE
59,0.7507,2026-04-21 20:53:14.843580,2026-04-21 20:53:18.775460,0 days 00:00:03.931880,0.2,1.7867361278933835,5.869602210734701,2,3,15,8,COMPLETE
60,0.698,2026-04-21 20:53:18.776911,2026-04-21 20:53:22.703308,0 days 00:00:03.926397,0.2,2.1728039348982278,4.853194416313003,2,2,15,12,COMPLETE
61,0.9332,2026-04-21 20:53:22.705053,2026-04-21 20:53:26.823986,0 days 00:00:04.118933,0.2,0.995846191071732,3.4697366587847256,2,7,15,5,COMPLETE
62,0.9332,2026-04-21 20:53:26.825243,2026-04-21 20:53:31.058061,0 days 00:00:04.232818,0.2,1.0907087981103178,3.571605186791065,2,7,15,5,COMPLETE
63,0.9332,2026-04-21 20:53:31.060167,2026-04-21 20:53:35.366707,0 days 00:00:04.306540,0.2,0.49047552271721506,3.1429086721262474,2,7,15,5,COMPLETE
64,0.9332,2026-04-21 20:53:35.368134,2026-04-21 20:53:39.695282,0 days 00:00:04.327148,0.2,0.6588168540043432,3.902266485858846,2,7,15,5,COMPLETE
65,0.9332,2026-04-21 20:53:39.696715,2026-04-21 20:53:43.967922,0 days 00:00:04.271207,0.2,2.6827100764919027,2.050787358204274,2,7,15,5,COMPLETE
66,0.5834,2026-04-21 20:53:43.969652,2026-04-21 20:53:49.215687,0 days 00:00:05.246035,0.3,1.5735551607287308,4.562590271104072,1,7,15,5,COMPLETE
67,0.7115,2026-04-21 20:53:49.217083,2026-04-21 20:53:53.353635,0 days 00:00:04.136552,0.5,1.3360336896828442,2.7715384619949712,2,7,10,5,COMPLETE
68,0.8355,2026-04-21 20:53:53.354966,2026-04-21 20:53:57.316403,0 days 00:00:03.961437,0.2,2.6894847981823444,4.142215599579743,3,7,15,5,COMPLETE
69,0.8187,2026-04-21 20:53:57.317742,2026-04-21 20:54:01.494161,0 days 00:00:04.176419,0.2,0.85695355150843,1.8505673460485792,2,5,15,5,COMPLETE
70,0.8618,2026-04-21 20:54:01.495568,2026-04-21 20:54:05.632934,0 days 00:00:04.137366,0.4,1.8648982700834256,7.080861840111668,2,7,15,8,COMPLETE
71,0.9332,2026-04-21 20:54:05.634650,2026-04-21 20:54:09.629475,0 days 00:00:03.994825,0.2,1.6660141888297577,5.623934042936407,2,7,15,5,COMPLETE
72,0.9332,2026-04-21 20:54:09.630738,2026-04-21 20:54:14.858785,0 days 00:00:05.228047,0.2,1.156773231494796,3.2928840123985723,2,7,15,5,COMPLETE
73,0.9332,2026-04-21 20:54:14.860163,2026-04-21 20:54:19.016417,0 days 00:00:04.156254,0.2,1.5803190978375692,5.121132580316861,2,7,15,5,COMPLETE
74,0.9332,2026-04-21 20:54:19.017896,2026-04-21 20:54:22.988710,0 days 00:00:03.970814,0.2,1.3491582499499364,7.985107313609729,2,7,15,5,COMPLETE
75,0.8125,2026-04-21 20:54:22.990775,2026-04-21 20:54:27.139597,0 days 00:00:04.148822,0.2,2.215731858710653,2.490862952947772,2,2,20,5,COMPLETE
76,0.9651,2026-04-21 20:54:27.141385,2026-04-21 20:54:31.087390,0 days 00:00:03.946005,0.2,0.9116238143505125,3.503138099317926,2,7,15,12,COMPLETE
77,0.7666,2026-04-21 20:54:31.088932,2026-04-21 20:54:35.123359,0 days 00:00:04.034427,0.2,0.9017852174721401,3.522118782187071,2,3,15,12,COMPLETE
78,0.7164,2026-04-21 20:54:35.124889,2026-04-21 20:54:40.136601,0 days 00:00:05.011712,0.2,1.024937021332227,2.950439575057402,1,7,15,12,COMPLETE
79,0.8146,2026-04-21 20:54:40.137965,2026-04-21 20:54:44.117117,0 days 00:00:03.979152,0.5,0.6565645164564624,2.2079471895081295,2,7,15,12,COMPLETE
