number,value,datetime_start,datetime_complete,duration,params_gross_short,params_lambda_long,params_lambda_short,params_rebal_freq,params_rsi_period,params_top_n_long,params_top_n_short,state
0,0.3224,2026-04-21 17:40:54.642994,2026-04-21 17:41:22.377859,0 days 00:00:27.734865,0.4,1.9030368381735812,3.027182927734624,1,3,20,5,COMPLETE
1,0.0,2026-04-21 17:41:22.379493,2026-04-21 17:41:24.906209,0 days 00:00:02.526716,0.2,0.19721610970574002,2.333481883618462,3,3,20,12,COMPLETE
2,0.7126,2026-04-21 17:41:24.907426,2026-04-21 17:41:51.464193,0 days 00:00:26.556767,0.4,0.9519754482692676,1.272083045469184,2,2,15,5,COMPLETE
3,0.6266,2026-04-21 17:41:51.465671,2026-04-21 17:42:18.333072,0 days 00:00:26.867401,0.3,0.2600005911730265,2.5411709798607287,2,7,15,5,COMPLETE
4,0.2564,2026-04-21 17:42:18.334317,2026-04-21 17:42:23.128752,0 days 00:00:04.794435,0.5,0.1241318963529422,1.2693089228250278,1,2,15,5,COMPLETE
5,0.6405,2026-04-21 17:42:23.129964,2026-04-21 17:42:26.603520,0 days 00:00:03.473556,0.4,0.29130095015495916,2.294223523656215,3,3,10,5,COMPLETE
6,0.4092,2026-04-21 17:42:26.605219,2026-04-21 17:42:31.227513,0 days 00:00:04.622294,0.2,2.1068591627429094,1.2962896813527134,1,3,20,8,COMPLETE
7,0.5749,2026-04-21 17:42:31.228534,2026-04-21 17:42:34.890878,0 days 00:00:03.662344,0.4,2.6402883285404344,1.0630319644587922,3,3,10,8,COMPLETE
8,0.4855,2026-04-21 17:42:34.892046,2026-04-21 17:42:56.810544,0 days 00:00:21.918498,0.5,1.19032031739992,1.5047588003306511,2,5,15,8,COMPLETE
9,0.7701,2026-04-21 17:42:56.811827,2026-04-21 17:43:00.699785,0 days 00:00:03.887958,0.2,2.4191554508873754,0.7548990480297131,2,7,20,5,COMPLETE
10,0.0,2026-04-21 17:43:00.703065,2026-04-21 17:43:03.491997,0 days 00:00:02.788932,0.2,0.5823763181103752,0.52764149634397,2,7,20,12,COMPLETE
11,0.7126,2026-04-21 17:43:03.493397,2026-04-21 17:43:07.371650,0 days 00:00:03.878253,0.3,0.8929800679794434,8.06169204545949,2,2,15,5,COMPLETE
12,0.7862,2026-04-21 17:43:07.373815,2026-04-21 17:43:11.804547,0 days 00:00:04.430732,0.4,1.044844853178489,0.5675080545635757,2,2,20,5,COMPLETE
13,0.7701,2026-04-21 17:43:11.805887,2026-04-21 17:43:15.878856,0 days 00:00:04.072969,0.2,1.4384016613080475,0.5251935609603328,2,7,20,5,COMPLETE
14,0.5447,2026-04-21 17:43:15.880193,2026-04-21 17:43:19.930974,0 days 00:00:04.050781,0.4,2.993501632241748,0.7352339221948547,2,5,20,5,COMPLETE
15,0.0,2026-04-21 17:43:19.932533,2026-04-21 17:43:22.354922,0 days 00:00:02.422389,0.2,0.5943040678293677,0.7578262940531177,2,7,20,12,COMPLETE
16,0.7855,2026-04-21 17:43:22.358372,2026-04-21 17:43:26.699092,0 days 00:00:04.340720,0.3,1.6290597147790606,4.046335861936059,2,2,20,5,COMPLETE
17,0.4687,2026-04-21 17:43:26.700450,2026-04-21 17:43:30.834306,0 days 00:00:04.133856,0.3,0.8229550549198411,4.888021286078718,2,2,10,5,COMPLETE
18,0.0,2026-04-21 17:43:30.835684,2026-04-21 17:43:34.307104,0 days 00:00:03.471420,0.3,1.4236147022783123,4.175238036400676,1,2,20,12,COMPLETE
19,0.7042,2026-04-21 17:43:34.309333,2026-04-21 17:43:38.093779,0 days 00:00:03.784446,0.3,0.4001534658269569,8.591009827794398,3,2,20,8,COMPLETE
20,0.465,2026-04-21 17:43:38.094961,2026-04-21 17:43:41.921263,0 days 00:00:03.826302,0.5,0.6943649027583888,5.425226009118871,2,2,10,5,COMPLETE
21,0.7006,2026-04-21 17:43:41.922970,2026-04-21 17:43:45.693016,0 days 00:00:03.770046,0.4,1.808690468487219,0.7900143632625758,2,7,20,5,COMPLETE
22,0.7855,2026-04-21 17:43:45.694279,2026-04-21 17:43:49.592993,0 days 00:00:03.898714,0.3,1.1952260376428199,3.326910528967023,2,2,20,5,COMPLETE
23,0.7855,2026-04-21 17:43:49.594576,2026-04-21 17:43:53.386760,0 days 00:00:03.792184,0.3,1.1875742008364156,3.6328618282368077,2,2,20,5,COMPLETE
24,0.7855,2026-04-21 17:43:53.388274,2026-04-21 17:43:57.178977,0 days 00:00:03.790703,0.3,1.1846647849506036,6.918384092068392,2,2,20,5,COMPLETE
25,0.7855,2026-04-21 17:43:57.180513,2026-04-21 17:44:01.018251,0 days 00:00:03.837738,0.3,1.6364489024782423,1.9064965669942908,2,2,20,5,COMPLETE
26,0.7855,2026-04-21 17:44:01.019778,2026-04-21 17:44:04.742108,0 days 00:00:03.722330,0.3,0.4370337801190682,3.215788335272592,2,2,20,5,COMPLETE
27,0.5605,2026-04-21 17:44:04.743365,2026-04-21 17:44:08.423401,0 days 00:00:03.680036,0.3,0.7482227022847906,5.225535809373283,2,5,20,5,COMPLETE
28,-0.002,2026-04-21 17:44:08.424607,2026-04-21 17:44:13.208120,0 days 00:00:04.783513,0.4,1.0127270850918846,6.568533160665128,1,2,10,12,COMPLETE
29,0.6455,2026-04-21 17:44:13.209502,2026-04-21 17:44:17.739907,0 days 00:00:04.530405,0.4,2.0723782190591313,1.6934519347326802,3,2,20,8,COMPLETE
30,0.3913,2026-04-21 17:44:17.740735,2026-04-21 17:44:24.707338,0 days 00:00:06.966603,0.5,0.4553705629837112,3.208336852938896,1,2,20,5,COMPLETE
31,0.7855,2026-04-21 17:44:24.709003,2026-04-21 17:44:30.403681,0 days 00:00:05.694678,0.3,1.1788997160562242,3.782993102599697,2,2,20,5,COMPLETE
32,0.7855,2026-04-21 17:44:30.405052,2026-04-21 17:44:36.011049,0 days 00:00:05.605997,0.3,1.5766173157267824,2.889928173611081,2,2,20,5,COMPLETE
33,0.7855,2026-04-21 17:44:36.012431,2026-04-21 17:44:41.599330,0 days 00:00:05.586899,0.3,1.033995188548184,3.9409630149242214,2,2,20,5,COMPLETE
34,0.7855,2026-04-21 17:44:41.601628,2026-04-21 17:44:47.228710,0 days 00:00:05.627082,0.3,1.2948258207557584,1.985542402593901,2,2,20,5,COMPLETE
35,0.7126,2026-04-21 17:44:47.229918,2026-04-21 17:44:52.787373,0 days 00:00:05.557455,0.3,1.7910701090980337,2.707036907042511,2,2,15,5,COMPLETE
36,0.6562,2026-04-21 17:44:52.790010,2026-04-21 17:44:57.867972,0 days 00:00:05.077962,0.4,0.6982076329102234,4.632165934799025,3,5,20,5,COMPLETE
37,0.6421,2026-04-21 17:44:57.869551,2026-04-21 17:45:03.535840,0 days 00:00:05.666289,0.3,0.10900709612868575,3.286263226308661,2,3,20,5,COMPLETE
38,0.6463,2026-04-21 17:45:03.537435,2026-04-21 17:45:09.179011,0 days 00:00:05.641576,0.4,0.1682775212328841,2.410529573658817,2,2,15,12,COMPLETE
39,0.2982,2026-04-21 17:45:09.181092,2026-04-21 17:45:16.107506,0 days 00:00:06.926414,0.5,2.293060238223003,6.11354279409771,1,3,20,5,COMPLETE
40,0.4879,2026-04-21 17:45:16.108646,2026-04-21 17:45:20.887255,0 days 00:00:04.778609,0.3,1.0591158043695834,3.6439018581881943,3,2,10,8,COMPLETE
41,0.7855,2026-04-21 17:45:20.889807,2026-04-21 17:45:26.506165,0 days 00:00:05.616358,0.3,1.2573382435834983,7.131094384576592,2,2,20,5,COMPLETE
42,0.7855,2026-04-21 17:45:26.508674,2026-04-21 17:45:32.039673,0 days 00:00:05.530999,0.3,0.8901697746188513,4.433747761974598,2,2,20,5,COMPLETE
43,0.7855,2026-04-21 17:45:32.041392,2026-04-21 17:45:37.903334,0 days 00:00:05.861942,0.3,1.4962275867159607,6.115259881175133,2,2,20,5,COMPLETE
44,0.7855,2026-04-21 17:45:37.905915,2026-04-21 17:45:43.761617,0 days 00:00:05.855702,0.3,1.145080422223123,9.628775852697183,2,2,20,5,COMPLETE
45,0.7126,2026-04-21 17:45:43.763215,2026-04-21 17:45:49.440645,0 days 00:00:05.677430,0.4,2.05479258038228,2.1376262457966764,2,2,15,5,COMPLETE
46,0.6421,2026-04-21 17:45:49.442729,2026-04-21 17:45:55.308577,0 days 00:00:05.865848,0.3,1.3440516622975225,0.9836036503552621,2,3,20,5,COMPLETE
47,0.6165,2026-04-21 17:45:55.310167,2026-04-21 17:46:01.241634,0 days 00:00:05.931467,0.2,0.8376013759711912,2.5336851286612054,2,5,20,5,COMPLETE
48,0.7276,2026-04-21 17:46:01.243953,2026-04-21 17:46:06.578023,0 days 00:00:05.334070,0.3,2.651202551918736,5.500740502355278,2,2,20,8,COMPLETE
49,0.0,2026-04-21 17:46:06.579333,2026-04-21 17:46:10.059507,0 days 00:00:03.480174,0.5,1.7397800270267105,7.27103658750122,2,2,20,12,COMPLETE
